\BOOKMARK [1][-]{section.1}{\376\377\000I\000n\000t\000r\000o\000d\000u\000c\000t\000i\000o\000n}{}% 1
\BOOKMARK [1][-]{section.2}{\376\377\000P\000r\000o\000j\000e\000c\000t\000\040\000S\000t\000r\000u\000c\000t\000u\000r\000e}{}% 2
\BOOKMARK [1][-]{section.3}{\376\377\000M\000a\000i\000n\000\040\000F\000e\000a\000t\000u\000r\000e\000s}{}% 3
\BOOKMARK [1][-]{section.4}{\376\377\000C\000l\000a\000s\000s\000\040\000O\000v\000e\000r\000v\000i\000e\000w}{}% 4
\BOOKMARK [2][-]{subsection.4.1}{\376\377\000B\000i\000b\000l\000i\000o\000F\000i\000l\000e\000s\000\040\000a\000n\000d\000\040\000D\000e\000r\000i\000v\000e\000d\000\040\000C\000l\000a\000s\000s\000e\000s}{section.4}% 5
\BOOKMARK [2][-]{subsection.4.2}{\376\377\000U\000s\000e\000r\000\040\000C\000l\000a\000s\000s}{section.4}% 6
\BOOKMARK [1][-]{section.5}{\376\377\000P\000r\000o\000g\000r\000a\000m\000\040\000F\000l\000o\000w}{}% 7
\BOOKMARK [2][-]{subsection.5.1}{\376\377\000S\000t\000a\000r\000t\000u\000p}{section.5}% 8
\BOOKMARK [2][-]{subsection.5.2}{\376\377\000L\000o\000g\000i\000n\000\040\000a\000n\000d\000\040\000R\000e\000g\000i\000s\000t\000r\000a\000t\000i\000o\000n}{section.5}% 9
\BOOKMARK [2][-]{subsection.5.3}{\376\377\000L\000i\000b\000r\000a\000r\000y\000\040\000D\000a\000t\000a\000\040\000L\000o\000a\000d\000i\000n\000g}{section.5}% 10
\BOOKMARK [2][-]{subsection.5.4}{\376\377\000M\000a\000i\000n\000\040\000A\000p\000p\000l\000i\000c\000a\000t\000i\000o\000n\000\040\000L\000o\000o\000p}{section.5}% 11
\BOOKMARK [1][-]{section.6}{\376\377\000F\000i\000l\000e\000\040\000O\000p\000e\000r\000a\000t\000i\000o\000n\000s}{}% 12
\BOOKMARK [1][-]{section.7}{\376\377\000E\000x\000a\000m\000p\000l\000e\000:\000\040\000B\000o\000r\000r\000o\000w\000i\000n\000g\000\040\000a\000\040\000F\000i\000l\000e}{}% 13
\BOOKMARK [1][-]{section.8}{\376\377\000E\000r\000r\000o\000r\000\040\000H\000a\000n\000d\000l\000i\000n\000g}{}% 14
\BOOKMARK [1][-]{section.9}{\376\377\000D\000a\000t\000a\000\040\000C\000o\000n\000s\000i\000s\000t\000e\000n\000c\000y}{}% 15
\BOOKMARK [1][-]{section.10}{\376\377\000E\000x\000t\000e\000n\000d\000i\000n\000g\000\040\000t\000h\000e\000\040\000P\000r\000o\000g\000r\000a\000m}{}% 16
\BOOKMARK [1][-]{section.11}{\376\377\000M\000e\000n\000u\000\040\000N\000a\000v\000i\000g\000a\000t\000i\000o\000n\000\040\000a\000n\000d\000\040\000U\000s\000e\000r\000\040\000E\000x\000p\000e\000r\000i\000e\000n\000c\000e}{}% 17
\BOOKMARK [1][-]{section.12}{\376\377\000U\000s\000e\000r\000\040\000M\000a\000n\000u\000a\000l}{}% 18
\BOOKMARK [2][-]{subsection.12.1}{\376\377\000S\000t\000a\000r\000t\000i\000n\000g\000\040\000t\000h\000e\000\040\000P\000r\000o\000g\000r\000a\000m}{section.12}% 19
\BOOKMARK [2][-]{subsection.12.2}{\376\377\000M\000a\000i\000n\000\040\000M\000e\000n\000u\000\040\000O\000p\000t\000i\000o\000n\000s}{section.12}% 20
\BOOKMARK [2][-]{subsection.12.3}{\376\377\000A\000f\000t\000e\000r\000\040\000L\000o\000g\000i\000n\000:\000\040\000U\000s\000e\000r\000\040\000M\000e\000n\000u}{section.12}% 21
\BOOKMARK [2][-]{subsection.12.4}{\376\377\000B\000o\000r\000r\000o\000w\000i\000n\000g\000\040\000a\000n\000d\000\040\000R\000e\000t\000u\000r\000n\000i\000n\000g\000\040\000F\000i\000l\000e\000s}{section.12}% 22
\BOOKMARK [2][-]{subsection.12.5}{\376\377\000U\000s\000e\000r\000\040\000S\000e\000t\000t\000i\000n\000g\000s}{section.12}% 23
\BOOKMARK [2][-]{subsection.12.6}{\376\377\000I\000n\000p\000u\000t\000\040\000G\000u\000i\000d\000e\000l\000i\000n\000e\000s}{section.12}% 24
\BOOKMARK [2][-]{subsection.12.7}{\376\377\000E\000x\000i\000t\000i\000n\000g\000\040\000t\000h\000e\000\040\000P\000r\000o\000g\000r\000a\000m}{section.12}% 25
\BOOKMARK [1][-]{section.13}{\376\377\000C\000o\000n\000c\000l\000u\000s\000i\000o\000n}{}% 26
\BOOKMARK [1][-]{section.14}{\376\377\000C\000S\000V\000\040\000F\000i\000l\000e\000\040\000F\000o\000r\000m\000a\000t\000s}{}% 27
\BOOKMARK [2][-]{subsection.14.1}{\376\377\000U\000s\000e\000r\000\040\000F\000i\000l\000e\000\040\000\050\000u\000s\000e\000r\000.\000c\000s\000v\000\051}{section.14}% 28
\BOOKMARK [2][-]{subsection.14.2}{\376\377\000B\000o\000o\000k\000/\000T\000h\000e\000s\000i\000s\000/\000M\000a\000g\000a\000z\000i\000n\000e\000\040\000F\000i\000l\000e\000s}{section.14}% 29
\BOOKMARK [1][-]{section.15}{\376\377\000S\000a\000m\000p\000l\000e\000\040\000M\000e\000n\000u\000\040\000O\000u\000t\000p\000u\000t}{}% 30
\BOOKMARK [1][-]{section.16}{\376\377\000L\000i\000m\000i\000t\000a\000t\000i\000o\000n\000s\000\040\000a\000n\000d\000\040\000F\000u\000t\000u\000r\000e\000\040\000W\000o\000r\000k}{}% 31
\BOOKMARK [1][-]{section.17}{\376\377\000D\000e\000v\000e\000l\000o\000p\000e\000r\000\040\000G\000u\000i\000d\000e\000:\000\040\000M\000o\000d\000i\000f\000y\000i\000n\000g\000\040\000t\000h\000e\000\040\000C\000o\000d\000e\000\040\000a\000n\000d\000\040\000C\000S\000V\000\040\000S\000t\000r\000u\000c\000t\000u\000r\000e}{}% 32
\BOOKMARK [2][-]{subsection.17.1}{\376\377\000M\000o\000d\000i\000f\000y\000i\000n\000g\000\040\000H\000e\000a\000d\000e\000r\000\040\000F\000i\000l\000e\000s\000\040\000o\000r\000\040\000m\000a\000i\000n\000.\000c\000p\000p}{section.17}% 33
\BOOKMARK [2][-]{subsection.17.2}{\376\377\000A\000d\000d\000i\000n\000g\000\040\000o\000r\000\040\000M\000o\000d\000i\000f\000y\000i\000n\000g\000\040\000T\000e\000x\000t\000\040\000i\000n\000\040\000C\000S\000V\000\040\000F\000i\000l\000e\000s}{section.17}% 34
\BOOKMARK [2][-]{subsection.17.3}{\376\377\000B\000e\000s\000t\000\040\000P\000r\000a\000c\000t\000i\000c\000e\000s}{section.17}% 35
